<?xml version="1.0" encoding="utf-8"?><testsuites><testsuite name="pytest" errors="0" failures="0" skipped="0" tests="3" time="0.303" timestamp="2024-08-05T16:09:28.263876" hostname="553329df50eb"><testcase classname="tests.test_prediction" name="test_single_pred_not_none" time="0.008" /><testcase classname="tests.test_prediction" name="test_single_pred_str_type" time="0.006" /><testcase classname="tests.test_prediction" name="test_single_pred_validate" time="0.006" /></testsuite></testsuites>